<?xml version="1.0" encoding="UTF-8"?>
<testng-results ignored="0" total="1" passed="1" failed="0" skipped="0">
  <reporter-output>
  </reporter-output>
  <suite started-at="2022-10-18T22:14:37 IST" name="Default suite" finished-at="2022-10-18T22:15:01 IST" duration-ms="24353">
    <groups>
    </groups>
    <test started-at="2022-10-18T22:14:37 IST" name="Default test" finished-at="2022-10-18T22:15:01 IST" duration-ms="24353">
      <class name="Com.kite.qa.TestCases.GooglePageTest">
        <test-method is-config="true" signature="setup()[pri:0, instance:Com.kite.qa.TestCases.GooglePageTest@3972a855]" started-at="2022-10-18T22:14:37 IST" name="setup" finished-at="2022-10-18T22:14:51 IST" duration-ms="14485" status="PASS">
          <reporter-output>
          </reporter-output>
        </test-method> <!-- setup -->
        <test-method signature="searchText()[pri:0, instance:Com.kite.qa.TestCases.GooglePageTest@3972a855]" started-at="2022-10-18T22:14:51 IST" name="searchText" finished-at="2022-10-18T22:15:01 IST" duration-ms="9723" status="PASS">
          <reporter-output>
          </reporter-output>
        </test-method> <!-- searchText -->
      </class> <!-- Com.kite.qa.TestCases.GooglePageTest -->
    </test> <!-- Default test -->
  </suite> <!-- Default suite -->
</testng-results>
